Determining if the pthread_create exist failed with the following output:
Change Dir: /home/lk/project/pcl_practice/pcl/build/CMakeFiles/CMakeTmp

Run Build Command:"/usr/bin/make" "cmTC_d193f/fast"
/usr/bin/make -f CMakeFiles/cmTC_d193f.dir/build.make CMakeFiles/cmTC_d193f.dir/build
make[1]: Entering directory '/home/lk/project/pcl_practice/pcl/build/CMakeFiles/CMakeTmp'
Building C object CMakeFiles/cmTC_d193f.dir/CheckSymbolExists.c.o
/usr/bin/cc    -o CMakeFiles/cmTC_d193f.dir/CheckSymbolExists.c.o   -c /home/lk/project/pcl_practice/pcl/build/CMakeFiles/CMakeTmp/CheckSymbolExists.c
Linking C executable cmTC_d193f
/usr/local/bin/cmake -E cmake_link_script CMakeFiles/cmTC_d193f.dir/link.txt --verbose=1
/usr/bin/cc      -rdynamic CMakeFiles/cmTC_d193f.dir/CheckSymbolExists.c.o  -o cmTC_d193f 
CMakeFiles/cmTC_d193f.dir/CheckSymbolExists.c.o: In function `main':
CheckSymbolExists.c:(.text+0x16): undefined reference to `pthread_create'
collect2: error: ld returned 1 exit status
CMakeFiles/cmTC_d193f.dir/build.make:97: recipe for target 'cmTC_d193f' failed
make[1]: *** [cmTC_d193f] Error 1
make[1]: Leaving directory '/home/lk/project/pcl_practice/pcl/build/CMakeFiles/CMakeTmp'
Makefile:126: recipe for target 'cmTC_d193f/fast' failed
make: *** [cmTC_d193f/fast] Error 2

File /home/lk/project/pcl_practice/pcl/build/CMakeFiles/CMakeTmp/CheckSymbolExists.c:
/* */
#include <pthread.h>

int main(int argc, char** argv)
{
  (void)argv;
#ifndef pthread_create
  return ((int*)(&pthread_create))[argc];
#else
  (void)argc;
  return 0;
#endif
}

Determining if the function pthread_create exists in the pthreads failed with the following output:
Change Dir: /home/lk/project/pcl_practice/pcl/build/CMakeFiles/CMakeTmp

Run Build Command:"/usr/bin/make" "cmTC_5b485/fast"
/usr/bin/make -f CMakeFiles/cmTC_5b485.dir/build.make CMakeFiles/cmTC_5b485.dir/build
make[1]: Entering directory '/home/lk/project/pcl_practice/pcl/build/CMakeFiles/CMakeTmp'
Building C object CMakeFiles/cmTC_5b485.dir/CheckFunctionExists.c.o
/usr/bin/cc   -DCHECK_FUNCTION_EXISTS=pthread_create   -o CMakeFiles/cmTC_5b485.dir/CheckFunctionExists.c.o   -c /usr/local/share/cmake-3.8/Modules/CheckFunctionExists.c
Linking C executable cmTC_5b485
/usr/local/bin/cmake -E cmake_link_script CMakeFiles/cmTC_5b485.dir/link.txt --verbose=1
/usr/bin/cc  -DCHECK_FUNCTION_EXISTS=pthread_create    -rdynamic CMakeFiles/cmTC_5b485.dir/CheckFunctionExists.c.o  -o cmTC_5b485 -lpthreads 
/usr/bin/ld: cannot find -lpthreads
collect2: error: ld returned 1 exit status
CMakeFiles/cmTC_5b485.dir/build.make:97: recipe for target 'cmTC_5b485' failed
make[1]: *** [cmTC_5b485] Error 1
make[1]: Leaving directory '/home/lk/project/pcl_practice/pcl/build/CMakeFiles/CMakeTmp'
Makefile:126: recipe for target 'cmTC_5b485/fast' failed
make: *** [cmTC_5b485/fast] Error 2


Determining if the pthread_create exist failed with the following output:
Change Dir: /home/lk/project/pcl_practice/pcl/build/CMakeFiles/CMakeTmp

Run Build Command:"/usr/bin/make" "cmTC_0e71d/fast"
/usr/bin/make -f CMakeFiles/cmTC_0e71d.dir/build.make CMakeFiles/cmTC_0e71d.dir/build
make[1]: Entering directory '/home/lk/project/pcl_practice/pcl/build/CMakeFiles/CMakeTmp'
Building C object CMakeFiles/cmTC_0e71d.dir/CheckSymbolExists.c.o
/usr/bin/cc    -o CMakeFiles/cmTC_0e71d.dir/CheckSymbolExists.c.o   -c /home/lk/project/pcl_practice/pcl/build/CMakeFiles/CMakeTmp/CheckSymbolExists.c
Linking C executable cmTC_0e71d
/usr/local/bin/cmake -E cmake_link_script CMakeFiles/cmTC_0e71d.dir/link.txt --verbose=1
/usr/bin/cc      -rdynamic CMakeFiles/cmTC_0e71d.dir/CheckSymbolExists.c.o  -o cmTC_0e71d 
CMakeFiles/cmTC_0e71d.dir/CheckSymbolExists.c.o: In function `main':
CheckSymbolExists.c:(.text+0x16): undefined reference to `pthread_create'
collect2: error: ld returned 1 exit status
CMakeFiles/cmTC_0e71d.dir/build.make:97: recipe for target 'cmTC_0e71d' failed
make[1]: *** [cmTC_0e71d] Error 1
make[1]: Leaving directory '/home/lk/project/pcl_practice/pcl/build/CMakeFiles/CMakeTmp'
Makefile:126: recipe for target 'cmTC_0e71d/fast' failed
make: *** [cmTC_0e71d/fast] Error 2

File /home/lk/project/pcl_practice/pcl/build/CMakeFiles/CMakeTmp/CheckSymbolExists.c:
/* */
#include <pthread.h>

int main(int argc, char** argv)
{
  (void)argv;
#ifndef pthread_create
  return ((int*)(&pthread_create))[argc];
#else
  (void)argc;
  return 0;
#endif
}

Determining if the function pthread_create exists in the pthreads failed with the following output:
Change Dir: /home/lk/project/pcl_practice/pcl/build/CMakeFiles/CMakeTmp

Run Build Command:"/usr/bin/make" "cmTC_71858/fast"
/usr/bin/make -f CMakeFiles/cmTC_71858.dir/build.make CMakeFiles/cmTC_71858.dir/build
make[1]: Entering directory '/home/lk/project/pcl_practice/pcl/build/CMakeFiles/CMakeTmp'
Building C object CMakeFiles/cmTC_71858.dir/CheckFunctionExists.c.o
/usr/bin/cc   -DCHECK_FUNCTION_EXISTS=pthread_create   -o CMakeFiles/cmTC_71858.dir/CheckFunctionExists.c.o   -c /usr/local/share/cmake-3.8/Modules/CheckFunctionExists.c
Linking C executable cmTC_71858
/usr/local/bin/cmake -E cmake_link_script CMakeFiles/cmTC_71858.dir/link.txt --verbose=1
/usr/bin/cc  -DCHECK_FUNCTION_EXISTS=pthread_create    -rdynamic CMakeFiles/cmTC_71858.dir/CheckFunctionExists.c.o  -o cmTC_71858 -lpthreads 
/usr/bin/ld: cannot find -lpthreads
collect2: error: ld returned 1 exit status
CMakeFiles/cmTC_71858.dir/build.make:97: recipe for target 'cmTC_71858' failed
make[1]: *** [cmTC_71858] Error 1
make[1]: Leaving directory '/home/lk/project/pcl_practice/pcl/build/CMakeFiles/CMakeTmp'
Makefile:126: recipe for target 'cmTC_71858/fast' failed
make: *** [cmTC_71858/fast] Error 2


Determining if the pthread_create exist failed with the following output:
Change Dir: /home/lk/project/pcl_practice/pcl/build/CMakeFiles/CMakeTmp

Run Build Command:"/usr/bin/make" "cmTC_63290/fast"
/usr/bin/make -f CMakeFiles/cmTC_63290.dir/build.make CMakeFiles/cmTC_63290.dir/build
make[1]: Entering directory '/home/lk/project/pcl_practice/pcl/build/CMakeFiles/CMakeTmp'
Building C object CMakeFiles/cmTC_63290.dir/CheckSymbolExists.c.o
/usr/bin/cc    -o CMakeFiles/cmTC_63290.dir/CheckSymbolExists.c.o   -c /home/lk/project/pcl_practice/pcl/build/CMakeFiles/CMakeTmp/CheckSymbolExists.c
Linking C executable cmTC_63290
/usr/local/bin/cmake -E cmake_link_script CMakeFiles/cmTC_63290.dir/link.txt --verbose=1
/usr/bin/cc      -rdynamic CMakeFiles/cmTC_63290.dir/CheckSymbolExists.c.o  -o cmTC_63290 
CMakeFiles/cmTC_63290.dir/CheckSymbolExists.c.o: In function `main':
CheckSymbolExists.c:(.text+0x16): undefined reference to `pthread_create'
collect2: error: ld returned 1 exit status
CMakeFiles/cmTC_63290.dir/build.make:97: recipe for target 'cmTC_63290' failed
make[1]: *** [cmTC_63290] Error 1
make[1]: Leaving directory '/home/lk/project/pcl_practice/pcl/build/CMakeFiles/CMakeTmp'
Makefile:126: recipe for target 'cmTC_63290/fast' failed
make: *** [cmTC_63290/fast] Error 2

File /home/lk/project/pcl_practice/pcl/build/CMakeFiles/CMakeTmp/CheckSymbolExists.c:
/* */
#include <pthread.h>

int main(int argc, char** argv)
{
  (void)argv;
#ifndef pthread_create
  return ((int*)(&pthread_create))[argc];
#else
  (void)argc;
  return 0;
#endif
}

Determining if the function pthread_create exists in the pthreads failed with the following output:
Change Dir: /home/lk/project/pcl_practice/pcl/build/CMakeFiles/CMakeTmp

Run Build Command:"/usr/bin/make" "cmTC_dc5f6/fast"
/usr/bin/make -f CMakeFiles/cmTC_dc5f6.dir/build.make CMakeFiles/cmTC_dc5f6.dir/build
make[1]: Entering directory '/home/lk/project/pcl_practice/pcl/build/CMakeFiles/CMakeTmp'
Building C object CMakeFiles/cmTC_dc5f6.dir/CheckFunctionExists.c.o
/usr/bin/cc   -DCHECK_FUNCTION_EXISTS=pthread_create   -o CMakeFiles/cmTC_dc5f6.dir/CheckFunctionExists.c.o   -c /usr/local/share/cmake-3.8/Modules/CheckFunctionExists.c
Linking C executable cmTC_dc5f6
/usr/local/bin/cmake -E cmake_link_script CMakeFiles/cmTC_dc5f6.dir/link.txt --verbose=1
/usr/bin/cc  -DCHECK_FUNCTION_EXISTS=pthread_create    -rdynamic CMakeFiles/cmTC_dc5f6.dir/CheckFunctionExists.c.o  -o cmTC_dc5f6 -lpthreads 
/usr/bin/ld: cannot find -lpthreads
collect2: error: ld returned 1 exit status
CMakeFiles/cmTC_dc5f6.dir/build.make:97: recipe for target 'cmTC_dc5f6' failed
make[1]: *** [cmTC_dc5f6] Error 1
make[1]: Leaving directory '/home/lk/project/pcl_practice/pcl/build/CMakeFiles/CMakeTmp'
Makefile:126: recipe for target 'cmTC_dc5f6/fast' failed
make: *** [cmTC_dc5f6/fast] Error 2


Determining if the pthread_create exist failed with the following output:
Change Dir: /home/lk/project/pcl_practice/pcl/build/CMakeFiles/CMakeTmp

Run Build Command:"/usr/bin/make" "cmTC_2c43e/fast"
/usr/bin/make -f CMakeFiles/cmTC_2c43e.dir/build.make CMakeFiles/cmTC_2c43e.dir/build
make[1]: Entering directory '/home/lk/project/pcl_practice/pcl/build/CMakeFiles/CMakeTmp'
Building C object CMakeFiles/cmTC_2c43e.dir/CheckSymbolExists.c.o
/usr/bin/cc    -o CMakeFiles/cmTC_2c43e.dir/CheckSymbolExists.c.o   -c /home/lk/project/pcl_practice/pcl/build/CMakeFiles/CMakeTmp/CheckSymbolExists.c
Linking C executable cmTC_2c43e
/usr/local/bin/cmake -E cmake_link_script CMakeFiles/cmTC_2c43e.dir/link.txt --verbose=1
/usr/bin/cc      -rdynamic CMakeFiles/cmTC_2c43e.dir/CheckSymbolExists.c.o  -o cmTC_2c43e 
CMakeFiles/cmTC_2c43e.dir/CheckSymbolExists.c.o: In function `main':
CheckSymbolExists.c:(.text+0x16): undefined reference to `pthread_create'
collect2: error: ld returned 1 exit status
CMakeFiles/cmTC_2c43e.dir/build.make:97: recipe for target 'cmTC_2c43e' failed
make[1]: *** [cmTC_2c43e] Error 1
make[1]: Leaving directory '/home/lk/project/pcl_practice/pcl/build/CMakeFiles/CMakeTmp'
Makefile:126: recipe for target 'cmTC_2c43e/fast' failed
make: *** [cmTC_2c43e/fast] Error 2

File /home/lk/project/pcl_practice/pcl/build/CMakeFiles/CMakeTmp/CheckSymbolExists.c:
/* */
#include <pthread.h>

int main(int argc, char** argv)
{
  (void)argv;
#ifndef pthread_create
  return ((int*)(&pthread_create))[argc];
#else
  (void)argc;
  return 0;
#endif
}

Determining if the function pthread_create exists in the pthreads failed with the following output:
Change Dir: /home/lk/project/pcl_practice/pcl/build/CMakeFiles/CMakeTmp

Run Build Command:"/usr/bin/make" "cmTC_b865b/fast"
/usr/bin/make -f CMakeFiles/cmTC_b865b.dir/build.make CMakeFiles/cmTC_b865b.dir/build
make[1]: Entering directory '/home/lk/project/pcl_practice/pcl/build/CMakeFiles/CMakeTmp'
Building C object CMakeFiles/cmTC_b865b.dir/CheckFunctionExists.c.o
/usr/bin/cc   -DCHECK_FUNCTION_EXISTS=pthread_create   -o CMakeFiles/cmTC_b865b.dir/CheckFunctionExists.c.o   -c /usr/local/share/cmake-3.8/Modules/CheckFunctionExists.c
Linking C executable cmTC_b865b
/usr/local/bin/cmake -E cmake_link_script CMakeFiles/cmTC_b865b.dir/link.txt --verbose=1
/usr/bin/cc  -DCHECK_FUNCTION_EXISTS=pthread_create    -rdynamic CMakeFiles/cmTC_b865b.dir/CheckFunctionExists.c.o  -o cmTC_b865b -lpthreads 
/usr/bin/ld: cannot find -lpthreads
collect2: error: ld returned 1 exit status
CMakeFiles/cmTC_b865b.dir/build.make:97: recipe for target 'cmTC_b865b' failed
make[1]: *** [cmTC_b865b] Error 1
make[1]: Leaving directory '/home/lk/project/pcl_practice/pcl/build/CMakeFiles/CMakeTmp'
Makefile:126: recipe for target 'cmTC_b865b/fast' failed
make: *** [cmTC_b865b/fast] Error 2


Determining if the pthread_create exist failed with the following output:
Change Dir: /home/lk/project/pcl_practice/pcl/build/CMakeFiles/CMakeTmp

Run Build Command:"/usr/bin/make" "cmTC_aa181/fast"
/usr/bin/make -f CMakeFiles/cmTC_aa181.dir/build.make CMakeFiles/cmTC_aa181.dir/build
make[1]: Entering directory '/home/lk/project/pcl_practice/pcl/build/CMakeFiles/CMakeTmp'
Building C object CMakeFiles/cmTC_aa181.dir/CheckSymbolExists.c.o
/usr/bin/cc    -o CMakeFiles/cmTC_aa181.dir/CheckSymbolExists.c.o   -c /home/lk/project/pcl_practice/pcl/build/CMakeFiles/CMakeTmp/CheckSymbolExists.c
Linking C executable cmTC_aa181
/usr/local/bin/cmake -E cmake_link_script CMakeFiles/cmTC_aa181.dir/link.txt --verbose=1
/usr/bin/cc      -rdynamic CMakeFiles/cmTC_aa181.dir/CheckSymbolExists.c.o  -o cmTC_aa181 
CMakeFiles/cmTC_aa181.dir/CheckSymbolExists.c.o: In function `main':
CheckSymbolExists.c:(.text+0x16): undefined reference to `pthread_create'
collect2: error: ld returned 1 exit status
CMakeFiles/cmTC_aa181.dir/build.make:97: recipe for target 'cmTC_aa181' failed
make[1]: *** [cmTC_aa181] Error 1
make[1]: Leaving directory '/home/lk/project/pcl_practice/pcl/build/CMakeFiles/CMakeTmp'
Makefile:126: recipe for target 'cmTC_aa181/fast' failed
make: *** [cmTC_aa181/fast] Error 2

File /home/lk/project/pcl_practice/pcl/build/CMakeFiles/CMakeTmp/CheckSymbolExists.c:
/* */
#include <pthread.h>

int main(int argc, char** argv)
{
  (void)argv;
#ifndef pthread_create
  return ((int*)(&pthread_create))[argc];
#else
  (void)argc;
  return 0;
#endif
}

Determining if the function pthread_create exists in the pthreads failed with the following output:
Change Dir: /home/lk/project/pcl_practice/pcl/build/CMakeFiles/CMakeTmp

Run Build Command:"/usr/bin/make" "cmTC_ff54b/fast"
/usr/bin/make -f CMakeFiles/cmTC_ff54b.dir/build.make CMakeFiles/cmTC_ff54b.dir/build
make[1]: Entering directory '/home/lk/project/pcl_practice/pcl/build/CMakeFiles/CMakeTmp'
Building C object CMakeFiles/cmTC_ff54b.dir/CheckFunctionExists.c.o
/usr/bin/cc   -DCHECK_FUNCTION_EXISTS=pthread_create   -o CMakeFiles/cmTC_ff54b.dir/CheckFunctionExists.c.o   -c /usr/local/share/cmake-3.8/Modules/CheckFunctionExists.c
Linking C executable cmTC_ff54b
/usr/local/bin/cmake -E cmake_link_script CMakeFiles/cmTC_ff54b.dir/link.txt --verbose=1
/usr/bin/cc  -DCHECK_FUNCTION_EXISTS=pthread_create    -rdynamic CMakeFiles/cmTC_ff54b.dir/CheckFunctionExists.c.o  -o cmTC_ff54b -lpthreads 
/usr/bin/ld: cannot find -lpthreads
collect2: error: ld returned 1 exit status
CMakeFiles/cmTC_ff54b.dir/build.make:97: recipe for target 'cmTC_ff54b' failed
make[1]: *** [cmTC_ff54b] Error 1
make[1]: Leaving directory '/home/lk/project/pcl_practice/pcl/build/CMakeFiles/CMakeTmp'
Makefile:126: recipe for target 'cmTC_ff54b/fast' failed
make: *** [cmTC_ff54b/fast] Error 2


Determining if the pthread_create exist failed with the following output:
Change Dir: /home/lk/project/pcl_practice/pcl/build/CMakeFiles/CMakeTmp

Run Build Command:"/usr/bin/make" "cmTC_128c5/fast"
/usr/bin/make -f CMakeFiles/cmTC_128c5.dir/build.make CMakeFiles/cmTC_128c5.dir/build
make[1]: Entering directory '/home/lk/project/pcl_practice/pcl/build/CMakeFiles/CMakeTmp'
Building C object CMakeFiles/cmTC_128c5.dir/CheckSymbolExists.c.o
/usr/bin/cc    -o CMakeFiles/cmTC_128c5.dir/CheckSymbolExists.c.o   -c /home/lk/project/pcl_practice/pcl/build/CMakeFiles/CMakeTmp/CheckSymbolExists.c
Linking C executable cmTC_128c5
/usr/local/bin/cmake -E cmake_link_script CMakeFiles/cmTC_128c5.dir/link.txt --verbose=1
/usr/bin/cc      -rdynamic CMakeFiles/cmTC_128c5.dir/CheckSymbolExists.c.o  -o cmTC_128c5 
CMakeFiles/cmTC_128c5.dir/CheckSymbolExists.c.o: In function `main':
CheckSymbolExists.c:(.text+0x16): undefined reference to `pthread_create'
collect2: error: ld returned 1 exit status
CMakeFiles/cmTC_128c5.dir/build.make:97: recipe for target 'cmTC_128c5' failed
make[1]: *** [cmTC_128c5] Error 1
make[1]: Leaving directory '/home/lk/project/pcl_practice/pcl/build/CMakeFiles/CMakeTmp'
Makefile:126: recipe for target 'cmTC_128c5/fast' failed
make: *** [cmTC_128c5/fast] Error 2

File /home/lk/project/pcl_practice/pcl/build/CMakeFiles/CMakeTmp/CheckSymbolExists.c:
/* */
#include <pthread.h>

int main(int argc, char** argv)
{
  (void)argv;
#ifndef pthread_create
  return ((int*)(&pthread_create))[argc];
#else
  (void)argc;
  return 0;
#endif
}

Determining if the function pthread_create exists in the pthreads failed with the following output:
Change Dir: /home/lk/project/pcl_practice/pcl/build/CMakeFiles/CMakeTmp

Run Build Command:"/usr/bin/make" "cmTC_4c398/fast"
/usr/bin/make -f CMakeFiles/cmTC_4c398.dir/build.make CMakeFiles/cmTC_4c398.dir/build
make[1]: Entering directory '/home/lk/project/pcl_practice/pcl/build/CMakeFiles/CMakeTmp'
Building C object CMakeFiles/cmTC_4c398.dir/CheckFunctionExists.c.o
/usr/bin/cc   -DCHECK_FUNCTION_EXISTS=pthread_create   -o CMakeFiles/cmTC_4c398.dir/CheckFunctionExists.c.o   -c /usr/local/share/cmake-3.8/Modules/CheckFunctionExists.c
Linking C executable cmTC_4c398
/usr/local/bin/cmake -E cmake_link_script CMakeFiles/cmTC_4c398.dir/link.txt --verbose=1
/usr/bin/cc  -DCHECK_FUNCTION_EXISTS=pthread_create    -rdynamic CMakeFiles/cmTC_4c398.dir/CheckFunctionExists.c.o  -o cmTC_4c398 -lpthreads 
/usr/bin/ld: cannot find -lpthreads
collect2: error: ld returned 1 exit status
CMakeFiles/cmTC_4c398.dir/build.make:97: recipe for target 'cmTC_4c398' failed
make[1]: *** [cmTC_4c398] Error 1
make[1]: Leaving directory '/home/lk/project/pcl_practice/pcl/build/CMakeFiles/CMakeTmp'
Makefile:126: recipe for target 'cmTC_4c398/fast' failed
make: *** [cmTC_4c398/fast] Error 2


Determining if the pthread_create exist failed with the following output:
Change Dir: /media/nb/F4CB-F5ED/pcl/build/CMakeFiles/CMakeTmp

Run Build Command:"/usr/bin/make" "cmTC_c206c/fast"
/usr/bin/make -f CMakeFiles/cmTC_c206c.dir/build.make CMakeFiles/cmTC_c206c.dir/build
make[1]: Entering directory '/media/nb/F4CB-F5ED/pcl/build/CMakeFiles/CMakeTmp'
Building C object CMakeFiles/cmTC_c206c.dir/CheckSymbolExists.c.o
/usr/bin/cc     -o CMakeFiles/cmTC_c206c.dir/CheckSymbolExists.c.o   -c /media/nb/F4CB-F5ED/pcl/build/CMakeFiles/CMakeTmp/CheckSymbolExists.c
Linking C executable cmTC_c206c
/usr/bin/cmake -E cmake_link_script CMakeFiles/cmTC_c206c.dir/link.txt --verbose=1
/usr/bin/cc       CMakeFiles/cmTC_c206c.dir/CheckSymbolExists.c.o  -o cmTC_c206c -rdynamic 
CMakeFiles/cmTC_c206c.dir/CheckSymbolExists.c.o: In function `main':
CheckSymbolExists.c:(.text+0x16): undefined reference to `pthread_create'
collect2: error: ld returned 1 exit status
CMakeFiles/cmTC_c206c.dir/build.make:97: recipe for target 'cmTC_c206c' failed
make[1]: *** [cmTC_c206c] Error 1
make[1]: Leaving directory '/media/nb/F4CB-F5ED/pcl/build/CMakeFiles/CMakeTmp'
Makefile:126: recipe for target 'cmTC_c206c/fast' failed
make: *** [cmTC_c206c/fast] Error 2

File /media/nb/F4CB-F5ED/pcl/build/CMakeFiles/CMakeTmp/CheckSymbolExists.c:
/* */
#include <pthread.h>

int main(int argc, char** argv)
{
  (void)argv;
#ifndef pthread_create
  return ((int*)(&pthread_create))[argc];
#else
  (void)argc;
  return 0;
#endif
}

Determining if the function pthread_create exists in the pthreads failed with the following output:
Change Dir: /media/nb/F4CB-F5ED/pcl/build/CMakeFiles/CMakeTmp

Run Build Command:"/usr/bin/make" "cmTC_41a4a/fast"
/usr/bin/make -f CMakeFiles/cmTC_41a4a.dir/build.make CMakeFiles/cmTC_41a4a.dir/build
make[1]: Entering directory '/media/nb/F4CB-F5ED/pcl/build/CMakeFiles/CMakeTmp'
Building C object CMakeFiles/cmTC_41a4a.dir/CheckFunctionExists.c.o
/usr/bin/cc    -DCHECK_FUNCTION_EXISTS=pthread_create   -o CMakeFiles/cmTC_41a4a.dir/CheckFunctionExists.c.o   -c /usr/share/cmake-3.5/Modules/CheckFunctionExists.c
Linking C executable cmTC_41a4a
/usr/bin/cmake -E cmake_link_script CMakeFiles/cmTC_41a4a.dir/link.txt --verbose=1
/usr/bin/cc   -DCHECK_FUNCTION_EXISTS=pthread_create    CMakeFiles/cmTC_41a4a.dir/CheckFunctionExists.c.o  -o cmTC_41a4a -rdynamic -lpthreads 
/usr/bin/ld: cannot find -lpthreads
collect2: error: ld returned 1 exit status
CMakeFiles/cmTC_41a4a.dir/build.make:97: recipe for target 'cmTC_41a4a' failed
make[1]: *** [cmTC_41a4a] Error 1
make[1]: Leaving directory '/media/nb/F4CB-F5ED/pcl/build/CMakeFiles/CMakeTmp'
Makefile:126: recipe for target 'cmTC_41a4a/fast' failed
make: *** [cmTC_41a4a/fast] Error 2


Determining if the pthread_create exist failed with the following output:
Change Dir: /home/nb/Documents/Projects/pcl/pcl/build/CMakeFiles/CMakeTmp

Run Build Command:"/usr/bin/make" "cmTC_5b9da/fast"
/usr/bin/make -f CMakeFiles/cmTC_5b9da.dir/build.make CMakeFiles/cmTC_5b9da.dir/build
make[1]: Entering directory '/home/nb/Documents/Projects/pcl/pcl/build/CMakeFiles/CMakeTmp'
Building C object CMakeFiles/cmTC_5b9da.dir/CheckSymbolExists.c.o
/usr/bin/cc     -o CMakeFiles/cmTC_5b9da.dir/CheckSymbolExists.c.o   -c /home/nb/Documents/Projects/pcl/pcl/build/CMakeFiles/CMakeTmp/CheckSymbolExists.c
Linking C executable cmTC_5b9da
/usr/bin/cmake -E cmake_link_script CMakeFiles/cmTC_5b9da.dir/link.txt --verbose=1
/usr/bin/cc       CMakeFiles/cmTC_5b9da.dir/CheckSymbolExists.c.o  -o cmTC_5b9da -rdynamic 
CMakeFiles/cmTC_5b9da.dir/CheckSymbolExists.c.o: In function `main':
CheckSymbolExists.c:(.text+0x16): undefined reference to `pthread_create'
collect2: error: ld returned 1 exit status
CMakeFiles/cmTC_5b9da.dir/build.make:97: recipe for target 'cmTC_5b9da' failed
make[1]: *** [cmTC_5b9da] Error 1
make[1]: Leaving directory '/home/nb/Documents/Projects/pcl/pcl/build/CMakeFiles/CMakeTmp'
Makefile:126: recipe for target 'cmTC_5b9da/fast' failed
make: *** [cmTC_5b9da/fast] Error 2

File /home/nb/Documents/Projects/pcl/pcl/build/CMakeFiles/CMakeTmp/CheckSymbolExists.c:
/* */
#include <pthread.h>

int main(int argc, char** argv)
{
  (void)argv;
#ifndef pthread_create
  return ((int*)(&pthread_create))[argc];
#else
  (void)argc;
  return 0;
#endif
}

Determining if the function pthread_create exists in the pthreads failed with the following output:
Change Dir: /home/nb/Documents/Projects/pcl/pcl/build/CMakeFiles/CMakeTmp

Run Build Command:"/usr/bin/make" "cmTC_c7bff/fast"
/usr/bin/make -f CMakeFiles/cmTC_c7bff.dir/build.make CMakeFiles/cmTC_c7bff.dir/build
make[1]: Entering directory '/home/nb/Documents/Projects/pcl/pcl/build/CMakeFiles/CMakeTmp'
Building C object CMakeFiles/cmTC_c7bff.dir/CheckFunctionExists.c.o
/usr/bin/cc    -DCHECK_FUNCTION_EXISTS=pthread_create   -o CMakeFiles/cmTC_c7bff.dir/CheckFunctionExists.c.o   -c /usr/share/cmake-3.5/Modules/CheckFunctionExists.c
Linking C executable cmTC_c7bff
/usr/bin/cmake -E cmake_link_script CMakeFiles/cmTC_c7bff.dir/link.txt --verbose=1
/usr/bin/cc   -DCHECK_FUNCTION_EXISTS=pthread_create    CMakeFiles/cmTC_c7bff.dir/CheckFunctionExists.c.o  -o cmTC_c7bff -rdynamic -lpthreads 
/usr/bin/ld: cannot find -lpthreads
collect2: error: ld returned 1 exit status
CMakeFiles/cmTC_c7bff.dir/build.make:97: recipe for target 'cmTC_c7bff' failed
make[1]: *** [cmTC_c7bff] Error 1
make[1]: Leaving directory '/home/nb/Documents/Projects/pcl/pcl/build/CMakeFiles/CMakeTmp'
Makefile:126: recipe for target 'cmTC_c7bff/fast' failed
make: *** [cmTC_c7bff/fast] Error 2


Determining if the pthread_create exist failed with the following output:
Change Dir: /home/nb/Documents/Projects/pcl/pcl_color/build/CMakeFiles/CMakeTmp

Run Build Command:"/usr/bin/make" "cmTC_99751/fast"
/usr/bin/make -f CMakeFiles/cmTC_99751.dir/build.make CMakeFiles/cmTC_99751.dir/build
make[1]: Entering directory '/home/nb/Documents/Projects/pcl/pcl_color/build/CMakeFiles/CMakeTmp'
Building C object CMakeFiles/cmTC_99751.dir/CheckSymbolExists.c.o
/usr/bin/cc     -o CMakeFiles/cmTC_99751.dir/CheckSymbolExists.c.o   -c /home/nb/Documents/Projects/pcl/pcl_color/build/CMakeFiles/CMakeTmp/CheckSymbolExists.c
Linking C executable cmTC_99751
/usr/bin/cmake -E cmake_link_script CMakeFiles/cmTC_99751.dir/link.txt --verbose=1
/usr/bin/cc       CMakeFiles/cmTC_99751.dir/CheckSymbolExists.c.o  -o cmTC_99751 -rdynamic 
CMakeFiles/cmTC_99751.dir/CheckSymbolExists.c.o: In function `main':
CheckSymbolExists.c:(.text+0x16): undefined reference to `pthread_create'
collect2: error: ld returned 1 exit status
CMakeFiles/cmTC_99751.dir/build.make:97: recipe for target 'cmTC_99751' failed
make[1]: *** [cmTC_99751] Error 1
make[1]: Leaving directory '/home/nb/Documents/Projects/pcl/pcl_color/build/CMakeFiles/CMakeTmp'
Makefile:126: recipe for target 'cmTC_99751/fast' failed
make: *** [cmTC_99751/fast] Error 2

File /home/nb/Documents/Projects/pcl/pcl_color/build/CMakeFiles/CMakeTmp/CheckSymbolExists.c:
/* */
#include <pthread.h>

int main(int argc, char** argv)
{
  (void)argv;
#ifndef pthread_create
  return ((int*)(&pthread_create))[argc];
#else
  (void)argc;
  return 0;
#endif
}

Determining if the function pthread_create exists in the pthreads failed with the following output:
Change Dir: /home/nb/Documents/Projects/pcl/pcl_color/build/CMakeFiles/CMakeTmp

Run Build Command:"/usr/bin/make" "cmTC_a767c/fast"
/usr/bin/make -f CMakeFiles/cmTC_a767c.dir/build.make CMakeFiles/cmTC_a767c.dir/build
make[1]: Entering directory '/home/nb/Documents/Projects/pcl/pcl_color/build/CMakeFiles/CMakeTmp'
Building C object CMakeFiles/cmTC_a767c.dir/CheckFunctionExists.c.o
/usr/bin/cc    -DCHECK_FUNCTION_EXISTS=pthread_create   -o CMakeFiles/cmTC_a767c.dir/CheckFunctionExists.c.o   -c /usr/share/cmake-3.5/Modules/CheckFunctionExists.c
Linking C executable cmTC_a767c
/usr/bin/cmake -E cmake_link_script CMakeFiles/cmTC_a767c.dir/link.txt --verbose=1
/usr/bin/cc   -DCHECK_FUNCTION_EXISTS=pthread_create    CMakeFiles/cmTC_a767c.dir/CheckFunctionExists.c.o  -o cmTC_a767c -rdynamic -lpthreads 
/usr/bin/ld: cannot find -lpthreads
collect2: error: ld returned 1 exit status
CMakeFiles/cmTC_a767c.dir/build.make:97: recipe for target 'cmTC_a767c' failed
make[1]: *** [cmTC_a767c] Error 1
make[1]: Leaving directory '/home/nb/Documents/Projects/pcl/pcl_color/build/CMakeFiles/CMakeTmp'
Makefile:126: recipe for target 'cmTC_a767c/fast' failed
make: *** [cmTC_a767c/fast] Error 2


