Determining if the pthread_create exist failed with the following output:
Change Dir: /home/lk/project/pcl_practice/color_pointcloud/build/CMakeFiles/CMakeTmp

Run Build Command:"/usr/bin/make" "cmTC_d3c0f/fast"
/usr/bin/make -f CMakeFiles/cmTC_d3c0f.dir/build.make CMakeFiles/cmTC_d3c0f.dir/build
make[1]: Entering directory '/home/lk/project/pcl_practice/color_pointcloud/build/CMakeFiles/CMakeTmp'
Building C object CMakeFiles/cmTC_d3c0f.dir/CheckSymbolExists.c.o
/usr/bin/cc    -o CMakeFiles/cmTC_d3c0f.dir/CheckSymbolExists.c.o   -c /home/lk/project/pcl_practice/color_pointcloud/build/CMakeFiles/CMakeTmp/CheckSymbolExists.c
Linking C executable cmTC_d3c0f
/usr/local/bin/cmake -E cmake_link_script CMakeFiles/cmTC_d3c0f.dir/link.txt --verbose=1
/usr/bin/cc      -rdynamic CMakeFiles/cmTC_d3c0f.dir/CheckSymbolExists.c.o  -o cmTC_d3c0f 
CMakeFiles/cmTC_d3c0f.dir/CheckSymbolExists.c.o: In function `main':
CheckSymbolExists.c:(.text+0x16): undefined reference to `pthread_create'
collect2: error: ld returned 1 exit status
CMakeFiles/cmTC_d3c0f.dir/build.make:97: recipe for target 'cmTC_d3c0f' failed
make[1]: *** [cmTC_d3c0f] Error 1
make[1]: Leaving directory '/home/lk/project/pcl_practice/color_pointcloud/build/CMakeFiles/CMakeTmp'
Makefile:126: recipe for target 'cmTC_d3c0f/fast' failed
make: *** [cmTC_d3c0f/fast] Error 2

File /home/lk/project/pcl_practice/color_pointcloud/build/CMakeFiles/CMakeTmp/CheckSymbolExists.c:
/* */
#include <pthread.h>

int main(int argc, char** argv)
{
  (void)argv;
#ifndef pthread_create
  return ((int*)(&pthread_create))[argc];
#else
  (void)argc;
  return 0;
#endif
}

Determining if the function pthread_create exists in the pthreads failed with the following output:
Change Dir: /home/lk/project/pcl_practice/color_pointcloud/build/CMakeFiles/CMakeTmp

Run Build Command:"/usr/bin/make" "cmTC_1e369/fast"
/usr/bin/make -f CMakeFiles/cmTC_1e369.dir/build.make CMakeFiles/cmTC_1e369.dir/build
make[1]: Entering directory '/home/lk/project/pcl_practice/color_pointcloud/build/CMakeFiles/CMakeTmp'
Building C object CMakeFiles/cmTC_1e369.dir/CheckFunctionExists.c.o
/usr/bin/cc   -DCHECK_FUNCTION_EXISTS=pthread_create   -o CMakeFiles/cmTC_1e369.dir/CheckFunctionExists.c.o   -c /usr/local/share/cmake-3.8/Modules/CheckFunctionExists.c
Linking C executable cmTC_1e369
/usr/local/bin/cmake -E cmake_link_script CMakeFiles/cmTC_1e369.dir/link.txt --verbose=1
/usr/bin/cc  -DCHECK_FUNCTION_EXISTS=pthread_create    -rdynamic CMakeFiles/cmTC_1e369.dir/CheckFunctionExists.c.o  -o cmTC_1e369 -lpthreads 
/usr/bin/ld: cannot find -lpthreads
collect2: error: ld returned 1 exit status
CMakeFiles/cmTC_1e369.dir/build.make:97: recipe for target 'cmTC_1e369' failed
make[1]: *** [cmTC_1e369] Error 1
make[1]: Leaving directory '/home/lk/project/pcl_practice/color_pointcloud/build/CMakeFiles/CMakeTmp'
Makefile:126: recipe for target 'cmTC_1e369/fast' failed
make: *** [cmTC_1e369/fast] Error 2


Determining if the pthread_create exist failed with the following output:
Change Dir: /home/lk/project/pcl_practice/color_pointcloud/build/CMakeFiles/CMakeTmp

Run Build Command:"/usr/bin/make" "cmTC_3fdc4/fast"
/usr/bin/make -f CMakeFiles/cmTC_3fdc4.dir/build.make CMakeFiles/cmTC_3fdc4.dir/build
make[1]: Entering directory '/home/lk/project/pcl_practice/color_pointcloud/build/CMakeFiles/CMakeTmp'
Building C object CMakeFiles/cmTC_3fdc4.dir/CheckSymbolExists.c.o
/usr/bin/cc    -o CMakeFiles/cmTC_3fdc4.dir/CheckSymbolExists.c.o   -c /home/lk/project/pcl_practice/color_pointcloud/build/CMakeFiles/CMakeTmp/CheckSymbolExists.c
Linking C executable cmTC_3fdc4
/usr/local/bin/cmake -E cmake_link_script CMakeFiles/cmTC_3fdc4.dir/link.txt --verbose=1
/usr/bin/cc      -rdynamic CMakeFiles/cmTC_3fdc4.dir/CheckSymbolExists.c.o  -o cmTC_3fdc4 
CMakeFiles/cmTC_3fdc4.dir/CheckSymbolExists.c.o: In function `main':
CheckSymbolExists.c:(.text+0x16): undefined reference to `pthread_create'
collect2: error: ld returned 1 exit status
CMakeFiles/cmTC_3fdc4.dir/build.make:97: recipe for target 'cmTC_3fdc4' failed
make[1]: *** [cmTC_3fdc4] Error 1
make[1]: Leaving directory '/home/lk/project/pcl_practice/color_pointcloud/build/CMakeFiles/CMakeTmp'
Makefile:126: recipe for target 'cmTC_3fdc4/fast' failed
make: *** [cmTC_3fdc4/fast] Error 2

File /home/lk/project/pcl_practice/color_pointcloud/build/CMakeFiles/CMakeTmp/CheckSymbolExists.c:
/* */
#include <pthread.h>

int main(int argc, char** argv)
{
  (void)argv;
#ifndef pthread_create
  return ((int*)(&pthread_create))[argc];
#else
  (void)argc;
  return 0;
#endif
}

Determining if the function pthread_create exists in the pthreads failed with the following output:
Change Dir: /home/lk/project/pcl_practice/color_pointcloud/build/CMakeFiles/CMakeTmp

Run Build Command:"/usr/bin/make" "cmTC_07cdb/fast"
/usr/bin/make -f CMakeFiles/cmTC_07cdb.dir/build.make CMakeFiles/cmTC_07cdb.dir/build
make[1]: Entering directory '/home/lk/project/pcl_practice/color_pointcloud/build/CMakeFiles/CMakeTmp'
Building C object CMakeFiles/cmTC_07cdb.dir/CheckFunctionExists.c.o
/usr/bin/cc   -DCHECK_FUNCTION_EXISTS=pthread_create   -o CMakeFiles/cmTC_07cdb.dir/CheckFunctionExists.c.o   -c /usr/local/share/cmake-3.8/Modules/CheckFunctionExists.c
Linking C executable cmTC_07cdb
/usr/local/bin/cmake -E cmake_link_script CMakeFiles/cmTC_07cdb.dir/link.txt --verbose=1
/usr/bin/cc  -DCHECK_FUNCTION_EXISTS=pthread_create    -rdynamic CMakeFiles/cmTC_07cdb.dir/CheckFunctionExists.c.o  -o cmTC_07cdb -lpthreads 
/usr/bin/ld: cannot find -lpthreads
collect2: error: ld returned 1 exit status
CMakeFiles/cmTC_07cdb.dir/build.make:97: recipe for target 'cmTC_07cdb' failed
make[1]: *** [cmTC_07cdb] Error 1
make[1]: Leaving directory '/home/lk/project/pcl_practice/color_pointcloud/build/CMakeFiles/CMakeTmp'
Makefile:126: recipe for target 'cmTC_07cdb/fast' failed
make: *** [cmTC_07cdb/fast] Error 2


Determining if the pthread_create exist failed with the following output:
Change Dir: /home/lk/project/pcl_practice/color_pointcloud/build/CMakeFiles/CMakeTmp

Run Build Command:"/usr/bin/make" "cmTC_ccb9f/fast"
/usr/bin/make -f CMakeFiles/cmTC_ccb9f.dir/build.make CMakeFiles/cmTC_ccb9f.dir/build
make[1]: Entering directory '/home/lk/project/pcl_practice/color_pointcloud/build/CMakeFiles/CMakeTmp'
Building C object CMakeFiles/cmTC_ccb9f.dir/CheckSymbolExists.c.o
/usr/bin/cc    -o CMakeFiles/cmTC_ccb9f.dir/CheckSymbolExists.c.o   -c /home/lk/project/pcl_practice/color_pointcloud/build/CMakeFiles/CMakeTmp/CheckSymbolExists.c
Linking C executable cmTC_ccb9f
/usr/local/bin/cmake -E cmake_link_script CMakeFiles/cmTC_ccb9f.dir/link.txt --verbose=1
/usr/bin/cc      -rdynamic CMakeFiles/cmTC_ccb9f.dir/CheckSymbolExists.c.o  -o cmTC_ccb9f 
CMakeFiles/cmTC_ccb9f.dir/CheckSymbolExists.c.o: In function `main':
CheckSymbolExists.c:(.text+0x16): undefined reference to `pthread_create'
collect2: error: ld returned 1 exit status
CMakeFiles/cmTC_ccb9f.dir/build.make:97: recipe for target 'cmTC_ccb9f' failed
make[1]: *** [cmTC_ccb9f] Error 1
make[1]: Leaving directory '/home/lk/project/pcl_practice/color_pointcloud/build/CMakeFiles/CMakeTmp'
Makefile:126: recipe for target 'cmTC_ccb9f/fast' failed
make: *** [cmTC_ccb9f/fast] Error 2

File /home/lk/project/pcl_practice/color_pointcloud/build/CMakeFiles/CMakeTmp/CheckSymbolExists.c:
/* */
#include <pthread.h>

int main(int argc, char** argv)
{
  (void)argv;
#ifndef pthread_create
  return ((int*)(&pthread_create))[argc];
#else
  (void)argc;
  return 0;
#endif
}

Determining if the function pthread_create exists in the pthreads failed with the following output:
Change Dir: /home/lk/project/pcl_practice/color_pointcloud/build/CMakeFiles/CMakeTmp

Run Build Command:"/usr/bin/make" "cmTC_25109/fast"
/usr/bin/make -f CMakeFiles/cmTC_25109.dir/build.make CMakeFiles/cmTC_25109.dir/build
make[1]: Entering directory '/home/lk/project/pcl_practice/color_pointcloud/build/CMakeFiles/CMakeTmp'
Building C object CMakeFiles/cmTC_25109.dir/CheckFunctionExists.c.o
/usr/bin/cc   -DCHECK_FUNCTION_EXISTS=pthread_create   -o CMakeFiles/cmTC_25109.dir/CheckFunctionExists.c.o   -c /usr/local/share/cmake-3.8/Modules/CheckFunctionExists.c
Linking C executable cmTC_25109
/usr/local/bin/cmake -E cmake_link_script CMakeFiles/cmTC_25109.dir/link.txt --verbose=1
/usr/bin/cc  -DCHECK_FUNCTION_EXISTS=pthread_create    -rdynamic CMakeFiles/cmTC_25109.dir/CheckFunctionExists.c.o  -o cmTC_25109 -lpthreads 
/usr/bin/ld: cannot find -lpthreads
collect2: error: ld returned 1 exit status
CMakeFiles/cmTC_25109.dir/build.make:97: recipe for target 'cmTC_25109' failed
make[1]: *** [cmTC_25109] Error 1
make[1]: Leaving directory '/home/lk/project/pcl_practice/color_pointcloud/build/CMakeFiles/CMakeTmp'
Makefile:126: recipe for target 'cmTC_25109/fast' failed
make: *** [cmTC_25109/fast] Error 2


